This is pdfTeX, Version 3.1415926-1.40.10 (MiKTeX 2.8) (preloaded format=pdflatex 2013.9.3)  12 JAN 2014 17:15
entering extended mode
**Quantum.tex
("C:\Users\СтартМастер\Google Диск\MIPT\2013-2014\МФТИ\Теорфиз_лv6\Quantum.tex"
LaTeX2e <2009/09/24>
Babel <v3.8l> and hyphenation patterns for english, dumylang, nohyphenation, ge
rman, ngerman, german-x-2009-06-19, ngerman-x-2009-06-19, french, russian, load
ed.
(D:\MIKTEX\tex\latex\base\book.cls
Document Class: book 2007/10/19 v1.4h Standard LaTeX document class
(D:\MIKTEX\tex\latex\base\bk12.clo
File: bk12.clo 2007/10/19 v1.4h Standard LaTeX file (size option)
)
\c@part=\count79
\c@chapter=\count80
\c@section=\count81
\c@subsection=\count82
\c@subsubsection=\count83
\c@paragraph=\count84
\c@subparagraph=\count85
\c@figure=\count86
\c@table=\count87
\abovecaptionskip=\skip41
\belowcaptionskip=\skip42
\bibindent=\dimen102
)
("C:\Users\СтартМастер\Google Диск\MIPT\2013-2014\МФТИ\Теорфиз_лv6\mystyle.sty"
Package: mystyle 
(D:\MIKTEX\tex\latex\amsfonts\amssymb.sty
Package: amssymb 2009/06/22 v3.00

(D:\MIKTEX\tex\latex\amsfonts\amsfonts.sty
Package: amsfonts 2009/06/22 v3.00 Basic AMSFonts support
\@emptytoks=\toks14
\symAMSa=\mathgroup4
\symAMSb=\mathgroup5
LaTeX Font Info:    Overwriting math alphabet `\mathfrak' in version `bold'
(Font)                  U/euf/m/n --> U/euf/b/n on input line 96.
))
(D:\MIKTEX\tex\latex\ams\math\amsmath.sty
Package: amsmath 2000/07/18 v2.13 AMS math features
\@mathmargin=\skip43

For additional information on amsmath, use the `?' option.
(D:\MIKTEX\tex\latex\ams\math\amstext.sty
Package: amstext 2000/06/29 v2.01

(D:\MIKTEX\tex\latex\ams\math\amsgen.sty
File: amsgen.sty 1999/11/30 v2.0
\@emptytoks=\toks15
\ex@=\dimen103
))
(D:\MIKTEX\tex\latex\ams\math\amsbsy.sty
Package: amsbsy 1999/11/29 v1.2d
\pmbraise@=\dimen104
)
(D:\MIKTEX\tex\latex\ams\math\amsopn.sty
Package: amsopn 1999/12/14 v2.01 operator names
)
\inf@bad=\count88
LaTeX Info: Redefining \frac on input line 211.
\uproot@=\count89
\leftroot@=\count90
LaTeX Info: Redefining \overline on input line 307.
\classnum@=\count91
\DOTSCASE@=\count92
LaTeX Info: Redefining \ldots on input line 379.
LaTeX Info: Redefining \dots on input line 382.
LaTeX Info: Redefining \cdots on input line 467.
\Mathstrutbox@=\box26
\strutbox@=\box27
\big@size=\dimen105
LaTeX Font Info:    Redeclaring font encoding OML on input line 567.
LaTeX Font Info:    Redeclaring font encoding OMS on input line 568.
\macc@depth=\count93
\c@MaxMatrixCols=\count94
\dotsspace@=\muskip10
\c@parentequation=\count95
\dspbrk@lvl=\count96
\tag@help=\toks16
\row@=\count97
\column@=\count98
\maxfields@=\count99
\andhelp@=\toks17
\eqnshift@=\dimen106
\alignsep@=\dimen107
\tagshift@=\dimen108
\tagwidth@=\dimen109
\totwidth@=\dimen110
\lineht@=\dimen111
\@envbody=\toks18
\multlinegap=\skip44
\multlinetaggap=\skip45
\mathdisplay@stack=\toks19
LaTeX Info: Redefining \[ on input line 2666.
LaTeX Info: Redefining \] on input line 2667.
)
(D:\MIKTEX\tex\latex\base\inputenc.sty
Package: inputenc 2008/03/30 v1.1d Input encoding file
\inpenc@prehook=\toks20
\inpenc@posthook=\toks21
 (D:\MIKTEX\tex\latex\cyrillic\cp1251.def
File: cp1251.def 1999/11/16 v1.0d Input encoding file
)) (D:\MIKTEX\tex\latex\base\fontenc.sty
Package: fontenc 2005/09/27 v1.99g Standard LaTeX package

(D:\MIKTEX\tex\latex\cyrillic\t2aenc.def
File: t2aenc.def 2005/09/27 v1.0i Cyrillic encoding definition file
)
LaTeX Font Info:    Try loading font information for T2A+cmr on input line 100.


(D:\MIKTEX\tex\latex\cyrillic\t2acmr.fd
File: t2acmr.fd 2001/08/11 v1.0a Computer Modern Cyrillic font definitions
))
(D:\MIKTEX\tex\generic\babel\babel.sty
Package: babel 2008/07/06 v3.8l The Babel package

*************************************
* Local config file bblopts.cfg used
*
(D:\MIKTEX\tex\latex\00miktex\bblopts.cfg
File: bblopts.cfg 2006/07/31 v1.0 MiKTeX 'babel' configuration
)
(D:\MIKTEX\tex\generic\babel\russianb.ldf
Language: russianb 2008/03/21 v1.1r Russian support from the babel system

(D:\MIKTEX\tex\generic\babel\babel.def
File: babel.def 2008/07/06 v3.8l Babel common definitions
\babel@savecnt=\count100
\U@D=\dimen112
)
Package babel Info: Making " an active character on input line 199.
)) (D:\MIKTEX\tex\latex\cmap\cmap.sty
Package: cmap 2008/03/06 v1.0h CMap support: searchable PDF


Package cmap Warning: fontenc already loaded - some fonts may be unprocessed.

) (D:\MIKTEX\tex\latex\graphics\graphicx.sty
Package: graphicx 1999/02/16 v1.0f Enhanced LaTeX Graphics (DPC,SPQR)

(D:\MIKTEX\tex\latex\graphics\keyval.sty
Package: keyval 1999/03/16 v1.13 key=value parser (DPC)
\KV@toks@=\toks22
)
(D:\MIKTEX\tex\latex\graphics\graphics.sty
Package: graphics 2009/02/05 v1.0o Standard LaTeX Graphics (DPC,SPQR)

(D:\MIKTEX\tex\latex\graphics\trig.sty
Package: trig 1999/03/16 v1.09 sin cos tan (DPC)
)
(D:\MIKTEX\tex\latex\00miktex\graphics.cfg
File: graphics.cfg 2007/01/18 v1.5 graphics configuration of teTeX/TeXLive
)
Package graphics Info: Driver file: pdftex.def on input line 91.

(D:\MIKTEX\tex\latex\pdftex-def\pdftex.def
File: pdftex.def 2010/02/14 v0.04n Graphics/color for pdfTeX
\Gread@gobject=\count101
))
\Gin@req@height=\dimen113
\Gin@req@width=\dimen114
)
(D:\MIKTEX\tex\latex\units\units.sty
Package: units 1998/08/04 v0.9b Typesetting units
 (D:\MIKTEX\tex\latex\base\ifthen.sty
Package: ifthen 2001/05/26 v1.1c Standard LaTeX ifthen package (DPC)
)
(D:\MIKTEX\tex\latex\units\nicefrac.sty
Package: nicefrac 1998/08/04 v0.9b Nice fractions
\L@UnitsRaiseDisplaystyle=\skip46
\L@UnitsRaiseTextstyle=\skip47
\L@UnitsRaiseScriptstyle=\skip48
))
(D:\MIKTEX\tex\latex\fancyhdr\fancyhdr.sty
\fancy@headwidth=\skip49
\f@ncyO@elh=\skip50
\f@ncyO@erh=\skip51
\f@ncyO@olh=\skip52
\f@ncyO@orh=\skip53
\f@ncyO@elf=\skip54
\f@ncyO@erf=\skip55
\f@ncyO@olf=\skip56
\f@ncyO@orf=\skip57
)
\c@Theorem=\count102
\c@Corollary=\count103
\c@Rk=\count104
)
(D:\MIKTEX\tex\latex\index\index.sty
Package: index 2004/01/20 v4.2beta Improved index support (dmj)
\@indexbox=\insert233
\indexproofstyle=\toks23


LaTeX Warning: Command \markboth  has changed.
               Check if current package is valid.


LaTeX Warning: Command \markright  has changed.
               Check if current package is valid.

)
\idxtitle@default=\toks24
\tf@default=\write3
Package index Info: Writing index file Quantum.idx on input line 13.
 ("C:\Users\СтартМастер\Google Диск\MIPT\2013-2014\МФТИ\Теорфиз_лv6\Quantum.aux
")
LaTeX Font Info:    Checking defaults for OML/cmm/m/it on input line 15.
LaTeX Font Info:    ... okay on input line 15.
LaTeX Font Info:    Checking defaults for T1/cmr/m/n on input line 15.
LaTeX Font Info:    ... okay on input line 15.
LaTeX Font Info:    Checking defaults for OT1/cmr/m/n on input line 15.
LaTeX Font Info:    ... okay on input line 15.
LaTeX Font Info:    Checking defaults for OMS/cmsy/m/n on input line 15.
LaTeX Font Info:    ... okay on input line 15.
LaTeX Font Info:    Checking defaults for OMX/cmex/m/n on input line 15.
LaTeX Font Info:    ... okay on input line 15.
LaTeX Font Info:    Checking defaults for U/cmr/m/n on input line 15.
LaTeX Font Info:    ... okay on input line 15.
LaTeX Font Info:    Checking defaults for T2A/cmr/m/n on input line 15.
LaTeX Font Info:    ... okay on input line 15.
 (D:\MIKTEX\tex\context\base\supp-pdf.tex
[Loading MPS to PDF converter (version 2006.09.02).]
\scratchcounter=\count105
\scratchdimen=\dimen115
\scratchbox=\box28
\nofMPsegments=\count106
\nofMParguments=\count107
\everyMPshowfont=\toks25
\MPscratchCnt=\count108
\MPscratchDim=\dimen116
\MPnumerator=\count109
\everyMPtoPDFconversion=\toks26
)<<t2a.cmap>><<ot1.cmap>><<oml.cmap>><<oms.cmap>><<omx.cmap>>
LaTeX Font Info:    Try loading font information for U+msa on input line 17.

(D:\MIKTEX\tex\latex\amsfonts\umsa.fd
File: umsa.fd 2009/06/22 v3.00 AMS symbols A
)
LaTeX Font Info:    Try loading font information for U+msb on input line 17.
 (D:\MIKTEX\tex\latex\amsfonts\umsb.fd
File: umsb.fd 2009/06/22 v3.00 AMS symbols B
)
[1


{D:/MIKTEX/pdftex/config/pdftex.map}]

Package Fancyhdr Warning: \headheight is too small (12.0pt): 
 Make it at least 14.49998pt.
 We now make it that large for the rest of the document.
 This may cause the page layout to be inconsistent, however.

[2

]
("C:\Users\СтартМастер\Google Диск\MIPT\2013-2014\МФТИ\Теорфиз_лv6\Quantum.toc"
[3] [4])
\tf@toc=\write4

("C:\Users\СтартМастер\Google Диск\MIPT\2013-2014\МФТИ\Теорфиз_лv6\Chapter1\1.t
ex" [5] [6

]
{\Russian \CYRG \cyrl \cyra \cyrv \cyra } 1.

Underfull \hbox (badness 10000) in paragraph at lines 7--8

 []


Underfull \hbox (badness 10000) in paragraph at lines 16--20

 []

[7]
LaTeX Font Info:    Try loading font information for OMS+cmr on input line 37.
 (D:\MIKTEX\tex\latex\base\omscmr.fd
File: omscmr.fd 1999/05/25 v2.5h Standard LaTeX font definitions
)
LaTeX Font Info:    Font shape `OMS/cmr/m/n' in size <12> not available
(Font)              Font shape `OMS/cmsy/m/n' tried instead on input line 37.

Underfull \hbox (badness 10000) in paragraph at lines 51--54
\T2A/cmr/m/n/12 Это ма-те-ма-ти-че-ские вы-ра-же-ния корпускулярно-волнового ду
-а-лиз-ма (слева--
 []


Underfull \hbox (badness 10000) in paragraph at lines 51--54

 []


Underfull \hbox (badness 10000) in paragraph at lines 61--62

 []

[8] <pic/1/lecture.png, id=48, 578.6418pt x 434.1018pt>
File: pic/1/lecture.png Graphic file (type png)

<use pic/1/lecture.png>
Underfull \hbox (badness 10000) in paragraph at lines 78--83

 []

)
("C:\Users\СтартМастер\Google Диск\MIPT\2013-2014\МФТИ\Теорфиз_лv6\Chapter1\2.t
ex"

Package Fancyhdr Warning: \headheight is too small (14.49998pt): 
 Make it at least 29.58075pt.
 We now make it that large for the rest of the document.
 This may cause the page layout to be inconsistent, however.

[9 <C:/Users/СтартМастер/Google Диск/MIPT/2013-2014/МФТИ/Теорфиз_лv6/pic/1/lect
ure.png>] <pic/1/1.pdf, id=55, 848.16875pt x 588.1975pt>
File: pic/1/1.pdf Graphic file (type pdf)
 <use pic/1/1.pdf>
[10] [11 <C:/Users/СтартМастер/Google Диск/MIPT/2013-2014/МФТИ/Теорфиз_лv6/pic/
1/1.pdf>] <pic/1/2.pdf, id=67, 566.115pt x 451.6875pt>
File: pic/1/2.pdf Graphic file (type pdf)
 <use pic/1/2.pdf>
[12 <C:/Users/СтартМастер/Google Диск/MIPT/2013-2014/МФТИ/Теорфиз_лv6/pic/1/2.p
df>])
("C:\Users\СтартМастер\Google Диск\MIPT\2013-2014\МФТИ\Теорфиз_лv6\Chapter2\2.t
ex" [13] [14

]
{\Russian \CYRG \cyrl \cyra \cyrv \cyra } 2.
[15] [16])
("C:\Users\СтартМастер\Google Диск\MIPT\2013-2014\МФТИ\Теорфиз_лv6\Chapter2\3.t
ex" [17] [18] [19] [20] [21] [22])
("C:\Users\СтартМастер\Google Диск\MIPT\2013-2014\МФТИ\Теорфиз_лv6\Chapter2\4.t
ex" [23] [24] [25] [26]
Underfull \hbox (badness 10000) in paragraph at lines 195--195
[]\T2A/cmr/bx/n/17.28 Некоммутирующие на-блю-да-е-мые. Со-от-но-ше-ние
 []

[27] [28])
("C:\Users\СтартМастер\Google Диск\MIPT\2013-2014\МФТИ\Теорфиз_лv6\Chapter2\5.t
ex" [29] [30] [31] [32] [33] [34])
("C:\Users\СтартМастер\Google Диск\MIPT\2013-2014\МФТИ\Теорфиз_лv6\Chapter2\6.t
ex" [35] [36] [37] [38] [39] [40] [41])
("C:\Users\СтартМастер\Google Диск\MIPT\2013-2014\МФТИ\Теорфиз_лv6\Chapter3\7.t
ex" [42]
{\Russian \CYRG \cyrl \cyra \cyrv \cyra } 3.
[43

] [44] [45] [46] [47] [48])
("C:\Users\СтартМастер\Google Диск\MIPT\2013-2014\МФТИ\Теорфиз_лv6\Chapter3\8.t
ex" [49])
("C:\Users\СтартМастер\Google Диск\MIPT\2013-2014\МФТИ\Теорфиз_лv6\Chapter4\8.t
ex" [50]
{\Russian \CYRG \cyrl \cyra \cyrv \cyra } 4.
[51

] [52] [53] [54] [55])
("C:\Users\СтартМастер\Google Диск\MIPT\2013-2014\МФТИ\Теорфиз_лv6\Chapter5\9.t
ex" [56]
{\Russian \CYRG \cyrl \cyra \cyrv \cyra } 5.
[57

] [58] [59] [60] [61])
("C:\Users\СтартМастер\Google Диск\MIPT\2013-2014\МФТИ\Теорфиз_лv6\Chapter5\10.
tex" [62] [63] [64] [65] [66])
("C:\Users\СтартМастер\Google Диск\MIPT\2013-2014\МФТИ\Теорфиз_лv6\Chapter6\11.
tex" [67] [68

]
{\Russian \CYRG \cyrl \cyra \cyrv \cyra } 6.
[69] [70] [71] [72] [73] [74] [75])
("C:\Users\СтартМастер\Google Диск\MIPT\2013-2014\МФТИ\Теорфиз_лv6\Chapter6\12.
tex"
Underfull \hbox (badness 10000) in paragraph at lines 1--1
[]\T2A/cmr/bx/n/17.28 Преобразования ин-ва-ри-ант-но-сти в ко-ор-ди-нат-ном
 []

[76] [77] [78] [79] [80] [81])
("C:\Users\СтартМастер\Google Диск\MIPT\2013-2014\МФТИ\Теорфиз_лv6\Chapter6\13.
tex" [82] [83]
Underfull \hbox (badness 2875) in paragraph at lines 43--43
[]\T2A/cmr/bx/n/17.28 Неприводимые пред-став-ле-ния груп-пы трјх-мер-ных
 []

[84] [85] [86] [87] [88])
("C:\Users\СтартМастер\Google Диск\MIPT\2013-2014\МФТИ\Теорфиз_лv6\Chapter8\14.
tex" [89] [90

]
{\Russian \CYRG \cyrl \cyra \cyrv \cyra } 8.
[91] [92] [93] [94] [95]
Overfull \hbox (67.13062pt too wide) detected at line 327
\OML/cmm/m/it/12 '[]\OT1/cmr/m/n/12 ([]) = [][] []\OML/cmm/m/it/12 e[] [][] L[]
 [] []e[]P[]\OT1/cmr/m/n/12 ([] \OML/cmm/m/it/12 \OT1/cmr/m/n/12 )
 []

[96] [97])
("C:\Users\СтартМастер\Google Диск\MIPT\2013-2014\МФТИ\Теорфиз_лv6\Chapter9\1.t
ex" [98] [99] [100

]
{\Russian \CYRG \cyrl \cyra \cyrv \cyra } 9.
[101] [102] [103] [104] <./pic/9/qu.pdf, id=378, 368.37625pt x 323.2075pt>
File: ./pic/9/qu.pdf Graphic file (type pdf)

<use ./pic/9/qu.pdf> [105])
("C:\Users\СтартМастер\Google Диск\MIPT\2013-2014\МФТИ\Теорфиз_лv6\Chapter9\2.t
ex" [106 <C:/Users/СтартМастер/Google Диск/MIPT/2013-2014/МФТИ/Теорфиз_лv6/pic/
9/qu.pdf>] [107] [108])
("C:\Users\СтартМастер\Google Диск\MIPT\2013-2014\МФТИ\Теорфиз_лv6\Chapter9\3.t
ex" [109] [110] [111] <pic/9/v.pdf, id=402, 921.4425pt x 298.11375pt>
File: pic/9/v.pdf Graphic file (type pdf)

<use pic/9/v.pdf>
Overfull \hbox (99.76122pt too wide) in paragraph at lines 150--152
\T2A/cmr/bx/n/12 Первый слу-чай. [] 
 []

[112] [113 <C:/Users/СтартМастер/Google Диск/MIPT/2013-2014/МФТИ/Теорфиз_лv6/pi
c/9/v.pdf>] <pic/9/fwt.pdf, id=410, 431.6125pt x 400.49625pt>
File: pic/9/fwt.pdf Graphic file (type pdf)

<use pic/9/fwt.pdf> [114 <C:/Users/СтартМастер/Google Диск/MIPT/2013-2014/МФТИ/
Теорфиз_лv6/pic/9/fwt.pdf>])
("C:\Users\СтартМастер\Google Диск\MIPT\2013-2014\МФТИ\Теорфиз_лv6\Chapter9\4.t
ex" [115] [116] [117] <pic/9/vkb.pdf, id=425, 512.91624pt x 332.24126pt>
File: pic/9/vkb.pdf Graphic file (type pdf)

<use pic/9/vkb.pdf>
Underfull \hbox (badness 10000) in paragraph at lines 144--146
[]\T2A/cmr/m/n/12 Рассмотрим кон-крет-ный вид по-тен-ци-а-ла, $\OML/cmm/m/it/12
 x[]$ \T2A/cmr/m/n/12 --- клас-си-че-
 []


Underfull \hbox (badness 10000) in paragraph at lines 144--146
\T2A/cmr/m/n/12 ская точ-ка по-во-ро-та. Ось $\OML/cmm/m/it/12 x$ \T2A/cmr/m/n/
12 раз-би-ва-ет-ся на об-ла-сти 1, 2.
 []

[118 <C:/Users/СтартМастер/Google Диск/MIPT/2013-2014/МФТИ/Теорфиз_лv6/pic/9/vk
b.pdf>]
LaTeX Font Info:    Try loading font information for T2A+cmtt on input line 157
.
 (D:\MIKTEX\tex\latex\cyrillic\t2acmtt.fd
File: t2acmtt.fd 2001/08/11 v1.0a Computer Modern Cyrillic font definitions
)
LaTeX Font Info:    Font shape `T2A/cmtt/bx/n' in size <12> not available
(Font)              Font shape `T2A/cmtt/m/n' tried instead on input line 157.
)
("C:\Users\СтартМастер\Google Диск\MIPT\2013-2014\МФТИ\Теорфиз_лv6\Chapter11\2.
tex" [119] [120] [121] [122]
Overfull \hbox (27.88467pt too wide) detected at line 166
\OML/cmm/m/it/12  [] \OMS/cmsy/m/n/12  [] [] [] \OT1/cmr/m/n/12 = [] [] [] \OM
S/cmsy/m/n/12   [] []
 []

)
("C:\Users\СтартМастер\Google Диск\MIPT\2013-2014\МФТИ\Теорфиз_лv6\Chapter10\1.
tex" [123] [124

]
{\Russian \CYRG \cyrl \cyra \cyrv \cyra } 10.
[125] [126])
("C:\Users\СтартМастер\Google Диск\MIPT\2013-2014\МФТИ\Теорфиз_лv6\Chapter10\2.
tex" [127] [128] [129] [130] [131] [132] [133])
("C:\Users\СтартМастер\Google Диск\MIPT\2013-2014\МФТИ\Теорфиз_лv6\Chapter10\3.
tex" [134] [135]
Underfull \hbox (badness 1314) in paragraph at lines 158--158
[]\T2A/cmr/bx/n/14.4 Доказательство ре-ля-ти-вист-ской ко-ва-ри-ант-но-сти урав
-не-ния
 []

[136] [137] [138] [139])
("C:\Users\СтартМастер\Google Диск\MIPT\2013-2014\МФТИ\Теорфиз_лv6\Chapter10\4.
tex" [140] [141] [142] [143])
("C:\Users\СтартМастер\Google Диск\MIPT\2013-2014\МФТИ\Теорфиз_лv6\Chapter10\5.
tex" [144] [145] [146]

LaTeX Warning: Command \cyrs invalid in math mode on input line 131.

Missing character: There is no с in font cmr12!
[147] [148] [149])
("C:\Users\СтартМастер\Google Диск\MIPT\2013-2014\МФТИ\Теорфиз_лv6\Chapter10\6.
tex" [150] [151] [152] [153] [154] [155])
("C:\Users\СтартМастер\Google Диск\MIPT\2013-2014\МФТИ\Теорфиз_лv6\Chapter10\7.
tex" [156] [157] [158])
("C:\Users\СтартМастер\Google Диск\MIPT\2013-2014\МФТИ\Теорфиз_лv6\Chapter11\3.
tex" [159] [160] [161] [162]
{\Russian \CYRG \cyrl \cyra \cyrv \cyra } 11.
[163

] [164] [165])
("C:\Users\СтартМастер\Google Диск\MIPT\2013-2014\МФТИ\Теорфиз_лv6\Chapter11\4.
tex" <pic/11/1.pdf, id=583, 512.91624pt x 354.32375pt>
File: pic/11/1.pdf Graphic file (type pdf)
 <use pic/11/1.pdf>
[166 <C:/Users/СтартМастер/Google Диск/MIPT/2013-2014/МФТИ/Теорфиз_лv6/pic/11/1
.pdf>] [167] [168] [169] [170] [171])
("C:\Users\СтартМастер\Google Диск\MIPT\2013-2014\МФТИ\Теорфиз_лv6\Chapter11\5.
tex" [172] [173] [174] [175] [176] [177]) [178]
("C:\Users\СтартМастер\Google Диск\MIPT\2013-2014\МФТИ\Теорфиз_лv6\Quantum.aux"
) ) 
Here is how much of TeX's memory you used:
 3444 strings out of 495059
 44105 string characters out of 3179519
 105114 words of memory out of 3000000
 6407 multiletter control sequences out of 15000+200000
 32462 words of font info for 85 fonts, out of 3000000 for 9000
 198 hyphenation exceptions out of 8191
 34i,16n,45p,1110b,488s stack positions out of 5000i,500n,10000p,200000b,50000s
 <D:\MIKTEX\fonts\pk\ljfour\lh\lh-t2a\dpi600\latt1200.pk> <D:\MIKTEX\fonts\p
k\ljfour\lh\lh-t2a\dpi600\labi1200.pk> <D:\MIKTEX\fonts\pk\ljfour\lh\lh-t2a\dpi
600\lasl1200.pk> <D:\MIKTEX\fonts\pk\ljfour\lh\lh-t2a\dpi600\labx1095.pk> <D:\M
IKTEX\fonts\pk\ljfour\unknown\unknown\dpi600\larm1000.pk> <D:\MIKTEX\fonts\pk\l
jfour\lh\lh-t2a\dpi600\larm0700.pk> <D:\MIKTEX\fonts\pk\ljfour\lh\lh-t2a\dpi600
\lati1200.pk> <D:\MIKTEX\fonts\pk\ljfour\lh\lh-t2a\dpi600\labx1440.pk> <D:\MIKT
EX\fonts\pk\ljfour\lh\lh-t2a\dpi600\larm0800.pk> <D:\MIKTEX\fonts\pk\ljfour\lh\
lh-t2a\dpi600\labx1728.pk> <D:\MIKTEX\fonts\pk\ljfour\lh\lh-t2a\dpi600\larm1095
.pk> <D:\MIKTEX\fonts\pk\ljfour\lh\lh-t2a\dpi600\labx1200.pk> <D:\MIKTEX\fonts\
pk\ljfour\lh\lh-t2a\dpi600\labx2488.pk> <D:\MIKTEX\fonts\pk\ljfour\lh\lh-t2a\dp
i600\larm1200.pk> <D:\MIKTEX\fonts\pk\ljfour\lh\lh-t2a\dpi600\larm1440.pk> <D:\
MIKTEX\fonts\pk\ljfour\lh\lh-t2a\dpi600\larm2074.pk><D:/MIKTEX/fonts/type1/publ
ic/amsfonts/cm/cmbsy10.pfb><D:/MIKTEX/fonts/type1/public/amsfonts/cm/cmbx12.pfb
><D:/MIKTEX/fonts/type1/public/amsfonts/cm/cmex10.pfb><D:/MIKTEX/fonts/type1/pu
blic/amsfonts/cmextra/cmex8.pfb><D:/MIKTEX/fonts/type1/public/amsfonts/cm/cmmi1
0.pfb><D:/MIKTEX/fonts/type1/public/amsfonts/cm/cmmi12.pfb><D:/MIKTEX/fonts/typ
e1/public/amsfonts/cm/cmmi6.pfb><D:/MIKTEX/fonts/type1/public/amsfonts/cm/cmmi7
.pfb><D:/MIKTEX/fonts/type1/public/amsfonts/cm/cmmi8.pfb><D:/MIKTEX/fonts/type1
/public/amsfonts/cm/cmmib10.pfb><D:/MIKTEX/fonts/type1/public/amsfonts/cmextra/
cmmib6.pfb><D:/MIKTEX/fonts/type1/public/amsfonts/cmextra/cmmib8.pfb><D:/MIKTEX
/fonts/type1/public/amsfonts/cm/cmr10.pfb><D:/MIKTEX/fonts/type1/public/amsfont
s/cm/cmr12.pfb><D:/MIKTEX/fonts/type1/public/amsfonts/cm/cmr6.pfb><D:/MIKTEX/fo
nts/type1/public/amsfonts/cm/cmr7.pfb><D:/MIKTEX/fonts/type1/public/amsfonts/cm
/cmr8.pfb><D:/MIKTEX/fonts/type1/public/amsfonts/cm/cmsy10.pfb><D:/MIKTEX/fonts
/type1/public/amsfonts/cm/cmsy6.pfb><D:/MIKTEX/fonts/type1/public/amsfonts/cm/c
msy7.pfb><D:/MIKTEX/fonts/type1/public/amsfonts/cm/cmsy8.pfb><D:/MIKTEX/fonts/t
ype1/public/amsfonts/symbols/msam10.pfb><D:/MIKTEX/fonts/type1/public/amsfonts/
symbols/msbm10.pfb><D:/MIKTEX/fonts/type1/public/amsfonts/symbols/msbm7.pfb>
Output written on Quantum.pdf (178 pages, 1179581 bytes).
PDF statistics:
 1515 PDF objects out of 1728 (max. 8388607)
 0 named destinations out of 1000 (max. 500000)
 61 words of extra memory for PDF output out of 10000 (max. 10000000)

