This is pdfTeX, Version 3.1415926-1.40.10 (MiKTeX 2.8) (preloaded format=pdflatex 2013.9.3)  5 NOV 2013 17:41
entering extended mode
**9.tex

("C:\Users\СтартМастер\Google Диск\MIPT\2013-2014\МФТИ\Теорфиз_лv6\Chapter5\9.t
ex"
LaTeX2e <2009/09/24>
Babel <v3.8l> and hyphenation patterns for english, dumylang, nohyphenation, ge
rman, ngerman, german-x-2009-06-19, ngerman-x-2009-06-19, french, russian, load
ed.
! Undefined control sequence.
l.1 \chapter
            {Теория углового момента}
? 
! Emergency stop.
l.1 \chapter
            {Теория углового момента}
End of file on the terminal!

 
Here is how much of TeX's memory you used:
 7 strings out of 495059
 279 string characters out of 3179519
 47643 words of memory out of 3000000
 3326 multiletter control sequences out of 15000+200000
 3640 words of font info for 14 fonts, out of 3000000 for 9000
 198 hyphenation exceptions out of 8191
 5i,0n,1p,42b,8s stack positions out of 5000i,500n,10000p,200000b,50000s
!  ==> Fatal error occurred, no output PDF file produced!
